*** itests starting
*** compiling modules: frontend
*** compiling modules: backend
*** Build and itest: saving previous output
*** Build and itest: compiling system
*** Build and itest: running itest1
*** Build and itest: running itest2
*** Build and itest: running itest3
*** Build and itest: running itest4
*** Build and itest: running itest5
*** Build and itest: running itest6
*** Build and itest: running itest7
*** Build and itest: running itest8
*** Build and itest: running itest9
*** Build and itest: comparing outputs (diff)
*** Comparing itest1.out
1,167d0
< 
<  *** Start of Tree program 
< ***************************************************************
< ***                                                         ***
< ***   m:   display this menu                                ***
< ***   t:   display the tree (2D)                            ***
< ***                                                         ***
< ***   a:   add a value to the tree                          ***
< ***   r:   remove a value from the tree                     ***
< ***   f:   find a value in the tree                         ***
< ***                                                         ***
< ***   q:   quit the program                                 ***
< ***                                                         ***
< ***************************************************************
< 
< 
<  Enter choice =>  z 
< 
<  Enter choice =>  + 
< 
<  *** In Info Mode *** 
<  Enter choice =>  t 
< 
<  *** Tree is empty 
<  Enter choice =>  a 
<  Enter a value:   5
< 
<  Enter choice =>  t 
< 
<  TO BE DONE 
<  ---------------------------------------
<  TO BE DONE 
<  TO BE DONE 
<  TREE:        nodes:  0   height: 0 
<  ---------------------------------------
<  inorder:     5 
<  preorder:  
<  TO BE DONE 
<  postorder: 
<  TO BE DONE 
<  Treearray: 
<  TO BE DONE 
<  ---------------------------------------
< 
<  Enter choice =>  a 
<  Enter a value:   3
< 
<  Enter choice =>  t 
< 
<  TO BE DONE 
<  ---------------------------------------
<  TO BE DONE 
<  TO BE DONE 
<  TREE:        nodes:  0   height: 0 
<  ---------------------------------------
<  inorder:     3   5 
<  preorder:  
<  TO BE DONE 
<  postorder: 
<  TO BE DONE 
<  Treearray: 
<  TO BE DONE 
<  ---------------------------------------
< 
<  Enter choice =>  a 
<  Enter a value:   7
< 
<  Enter choice =>  t 
< 
<  TO BE DONE 
<  ---------------------------------------
<  TO BE DONE 
<  TO BE DONE 
<  TREE:        nodes:  0   height: 0 
<  ---------------------------------------
<  inorder:     3   5   7 
<  preorder:  
<  TO BE DONE 
<  postorder: 
<  TO BE DONE 
<  Treearray: 
<  TO BE DONE 
<  ---------------------------------------
< 
<  Enter choice =>  a 
<  Enter a value:   1
< 
<  Enter choice =>  t 
< 
<  TO BE DONE 
<  ---------------------------------------
<  TO BE DONE 
<  TO BE DONE 
<  TREE:        nodes:  0   height: 0 
<  ---------------------------------------
<  inorder:     1   3   5   7 
<  preorder:  
<  TO BE DONE 
<  postorder: 
<  TO BE DONE 
<  Treearray: 
<  TO BE DONE 
<  ---------------------------------------
< 
<  Enter choice =>  a 
<  Enter a value:   4
< 
<  Enter choice =>  t 
< 
<  TO BE DONE 
<  ---------------------------------------
<  TO BE DONE 
<  TO BE DONE 
<  TREE:        nodes:  0   height: 0 
<  ---------------------------------------
<  inorder:     1   3   4   5   7 
<  preorder:  
<  TO BE DONE 
<  postorder: 
<  TO BE DONE 
<  Treearray: 
<  TO BE DONE 
<  ---------------------------------------
< 
<  Enter choice =>  a 
<  Enter a value:   6
< 
<  Enter choice =>  t 
< 
<  TO BE DONE 
<  ---------------------------------------
<  TO BE DONE 
<  TO BE DONE 
<  TREE:        nodes:  0   height: 0 
<  ---------------------------------------
<  inorder:     1   3   4   5   6   7 
<  preorder:  
<  TO BE DONE 
<  postorder: 
<  TO BE DONE 
<  Treearray: 
<  TO BE DONE 
<  ---------------------------------------
< 
<  Enter choice =>  a 
<  Enter a value:   8
< 
<  Enter choice =>  t 
< 
<  TO BE DONE 
<  ---------------------------------------
<  TO BE DONE 
<  TO BE DONE 
<  TREE:        nodes:  0   height: 0 
<  ---------------------------------------
<  inorder:     1   3   4   5   6   7   8 
<  preorder:  
<  TO BE DONE 
<  postorder: 
<  TO BE DONE 
<  Treearray: 
<  TO BE DONE 
<  ---------------------------------------
< 
<  Enter choice =>  q 
<  *** BYE BYE! ***
<  *** End of Tree program 
*** Comparing itest2.out
1,314d0
< 
<  *** Start of Tree program 
< ***************************************************************
< ***                                                         ***
< ***   m:   display this menu                                ***
< ***   t:   display the tree (2D)                            ***
< ***                                                         ***
< ***   a:   add a value to the tree                          ***
< ***   r:   remove a value from the tree                     ***
< ***   f:   find a value in the tree                         ***
< ***                                                         ***
< ***   q:   quit the program                                 ***
< ***                                                         ***
< ***************************************************************
< 
< 
<  Enter choice =>  z 
< 
<  Enter choice =>  + 
< 
<  *** In Info Mode *** 
<  Enter choice =>  t 
< 
<  *** Tree is empty 
<  Enter choice =>  a 
<  Enter a value:   5
< 
<  Enter choice =>  t 
< 
<  TO BE DONE 
<  ---------------------------------------
<  TO BE DONE 
<  TO BE DONE 
<  TREE:        nodes:  0   height: 0 
<  ---------------------------------------
<  inorder:     5 
<  preorder:  
<  TO BE DONE 
<  postorder: 
<  TO BE DONE 
<  Treearray: 
<  TO BE DONE 
<  ---------------------------------------
< 
<  Enter choice =>  a 
<  Enter a value:   3
< 
<  Enter choice =>  t 
< 
<  TO BE DONE 
<  ---------------------------------------
<  TO BE DONE 
<  TO BE DONE 
<  TREE:        nodes:  0   height: 0 
<  ---------------------------------------
<  inorder:     3   5 
<  preorder:  
<  TO BE DONE 
<  postorder: 
<  TO BE DONE 
<  Treearray: 
<  TO BE DONE 
<  ---------------------------------------
< 
<  Enter choice =>  a 
<  Enter a value:   7
< 
<  Enter choice =>  t 
< 
<  TO BE DONE 
<  ---------------------------------------
<  TO BE DONE 
<  TO BE DONE 
<  TREE:        nodes:  0   height: 0 
<  ---------------------------------------
<  inorder:     3   5   7 
<  preorder:  
<  TO BE DONE 
<  postorder: 
<  TO BE DONE 
<  Treearray: 
<  TO BE DONE 
<  ---------------------------------------
< 
<  Enter choice =>  a 
<  Enter a value:   1
< 
<  Enter choice =>  t 
< 
<  TO BE DONE 
<  ---------------------------------------
<  TO BE DONE 
<  TO BE DONE 
<  TREE:        nodes:  0   height: 0 
<  ---------------------------------------
<  inorder:     1   3   5   7 
<  preorder:  
<  TO BE DONE 
<  postorder: 
<  TO BE DONE 
<  Treearray: 
<  TO BE DONE 
<  ---------------------------------------
< 
<  Enter choice =>  a 
<  Enter a value:   4
< 
<  Enter choice =>  t 
< 
<  TO BE DONE 
<  ---------------------------------------
<  TO BE DONE 
<  TO BE DONE 
<  TREE:        nodes:  0   height: 0 
<  ---------------------------------------
<  inorder:     1   3   4   5   7 
<  preorder:  
<  TO BE DONE 
<  postorder: 
<  TO BE DONE 
<  Treearray: 
<  TO BE DONE 
<  ---------------------------------------
< 
<  Enter choice =>  a 
<  Enter a value:   6
< 
<  Enter choice =>  t 
< 
<  TO BE DONE 
<  ---------------------------------------
<  TO BE DONE 
<  TO BE DONE 
<  TREE:        nodes:  0   height: 0 
<  ---------------------------------------
<  inorder:     1   3   4   5   6   7 
<  preorder:  
<  TO BE DONE 
<  postorder: 
<  TO BE DONE 
<  Treearray: 
<  TO BE DONE 
<  ---------------------------------------
< 
<  Enter choice =>  a 
<  Enter a value:   8
< 
<  Enter choice =>  t 
< 
<  TO BE DONE 
<  ---------------------------------------
<  TO BE DONE 
<  TO BE DONE 
<  TREE:        nodes:  0   height: 0 
<  ---------------------------------------
<  inorder:     1   3   4   5   6   7   8 
<  preorder:  
<  TO BE DONE 
<  postorder: 
<  TO BE DONE 
<  Treearray: 
<  TO BE DONE 
<  ---------------------------------------
< 
<  Enter choice =>  r 
<  Enter a value:   5
< 
<  TO BE DONE 
<  Enter choice =>  t 
< 
<  TO BE DONE 
<  ---------------------------------------
<  TO BE DONE 
<  TO BE DONE 
<  TREE:        nodes:  0   height: 0 
<  ---------------------------------------
<  inorder:     1   3   4   5   6   7   8 
<  preorder:  
<  TO BE DONE 
<  postorder: 
<  TO BE DONE 
<  Treearray: 
<  TO BE DONE 
<  ---------------------------------------
< 
<  Enter choice =>  r 
<  Enter a value:   6
< 
<  TO BE DONE 
<  Enter choice =>  t 
< 
<  TO BE DONE 
<  ---------------------------------------
<  TO BE DONE 
<  TO BE DONE 
<  TREE:        nodes:  0   height: 0 
<  ---------------------------------------
<  inorder:     1   3   4   5   6   7   8 
<  preorder:  
<  TO BE DONE 
<  postorder: 
<  TO BE DONE 
<  Treearray: 
<  TO BE DONE 
<  ---------------------------------------
< 
<  Enter choice =>  r 
<  Enter a value:   7
< 
<  TO BE DONE 
<  Enter choice =>  t 
< 
<  TO BE DONE 
<  ---------------------------------------
<  TO BE DONE 
<  TO BE DONE 
<  TREE:        nodes:  0   height: 0 
<  ---------------------------------------
<  inorder:     1   3   4   5   6   7   8 
<  preorder:  
<  TO BE DONE 
<  postorder: 
<  TO BE DONE 
<  Treearray: 
<  TO BE DONE 
<  ---------------------------------------
< 
<  Enter choice =>  r 
<  Enter a value:   4
< 
<  TO BE DONE 
<  Enter choice =>  t 
< 
<  TO BE DONE 
<  ---------------------------------------
<  TO BE DONE 
<  TO BE DONE 
<  TREE:        nodes:  0   height: 0 
<  ---------------------------------------
<  inorder:     1   3   4   5   6   7   8 
<  preorder:  
<  TO BE DONE 
<  postorder: 
<  TO BE DONE 
<  Treearray: 
<  TO BE DONE 
<  ---------------------------------------
< 
<  Enter choice =>  r 
<  Enter a value:   3
< 
<  TO BE DONE 
<  Enter choice =>  t 
< 
<  TO BE DONE 
<  ---------------------------------------
<  TO BE DONE 
<  TO BE DONE 
<  TREE:        nodes:  0   height: 0 
<  ---------------------------------------
<  inorder:     1   3   4   5   6   7   8 
<  preorder:  
<  TO BE DONE 
<  postorder: 
<  TO BE DONE 
<  Treearray: 
<  TO BE DONE 
<  ---------------------------------------
< 
<  Enter choice =>  r 
<  Enter a value:   8
< 
<  TO BE DONE 
<  Enter choice =>  t 
< 
<  TO BE DONE 
<  ---------------------------------------
<  TO BE DONE 
<  TO BE DONE 
<  TREE:        nodes:  0   height: 0 
<  ---------------------------------------
<  inorder:     1   3   4   5   6   7   8 
<  preorder:  
<  TO BE DONE 
<  postorder: 
<  TO BE DONE 
<  Treearray: 
<  TO BE DONE 
<  ---------------------------------------
< 
<  Enter choice =>  r 
<  Enter a value:   1
< 
<  TO BE DONE 
<  Enter choice =>  t 
< 
<  TO BE DONE 
<  ---------------------------------------
<  TO BE DONE 
<  TO BE DONE 
<  TREE:        nodes:  0   height: 0 
<  ---------------------------------------
<  inorder:     1   3   4   5   6   7   8 
<  preorder:  
<  TO BE DONE 
<  postorder: 
<  TO BE DONE 
<  Treearray: 
<  TO BE DONE 
<  ---------------------------------------
< 
<  Enter choice =>  q 
<  *** BYE BYE! ***
<  *** End of Tree program 
*** Comparing itest3.out
0a1,150
> 
>  *** Start of Tree program 
> ***************************************************************
> ***                                                         ***
> ***   m:   display this menu                                ***
> ***   t:   display the tree (2D)                            ***
> ***                                                         ***
> ***   a:   add a value to the tree                          ***
> ***   r:   remove a value from the tree                     ***
> ***   f:   find a value in the tree                         ***
> ***                                                         ***
> ***   q:   quit the program                                 ***
> ***                                                         ***
> ***************************************************************
> 
> 
>  Enter choice =>  z 
> 
>  Enter choice =>  + 
> 
>  *** In Info Mode *** 
>  Enter choice =>  t 
> 
>  *** Tree is empty 
>  Enter choice =>  a 
>  Enter a value:   1
> 
>  Enter choice =>  a 
>  Enter a value:   2
> 
>  Enter choice =>  t 
> 
>  TO BE DONE 
>  ---------------------------------------
>  TO BE DONE 
>  TO BE DONE 
>  TREE:        nodes:  0   height: 0 
>  ---------------------------------------
>  inorder:     1   2 
>  preorder:  
>  TO BE DONE 
>  postorder: 
>  TO BE DONE 
>  Treearray: 
>  TO BE DONE 
>  ---------------------------------------
> 
>  Enter choice =>  a 
>  Enter a value:   3
> 
>  Enter choice =>  t 
> 
>  TO BE DONE 
>  ---------------------------------------
>  TO BE DONE 
>  TO BE DONE 
>  TREE:        nodes:  0   height: 0 
>  ---------------------------------------
>  inorder:     1   2   3 
>  preorder:  
>  TO BE DONE 
>  postorder: 
>  TO BE DONE 
>  Treearray: 
>  TO BE DONE 
>  ---------------------------------------
> 
>  Enter choice =>  a 
>  Enter a value:   4
> 
>  Enter choice =>  t 
> 
>  TO BE DONE 
>  ---------------------------------------
>  TO BE DONE 
>  TO BE DONE 
>  TREE:        nodes:  0   height: 0 
>  ---------------------------------------
>  inorder:     1   2   3   4 
>  preorder:  
>  TO BE DONE 
>  postorder: 
>  TO BE DONE 
>  Treearray: 
>  TO BE DONE 
>  ---------------------------------------
> 
>  Enter choice =>  a 
>  Enter a value:   5
> 
>  Enter choice =>  t 
> 
>  TO BE DONE 
>  ---------------------------------------
>  TO BE DONE 
>  TO BE DONE 
>  TREE:        nodes:  0   height: 0 
>  ---------------------------------------
>  inorder:     1   2   3   4   5 
>  preorder:  
>  TO BE DONE 
>  postorder: 
>  TO BE DONE 
>  Treearray: 
>  TO BE DONE 
>  ---------------------------------------
> 
>  Enter choice =>  a 
>  Enter a value:   6
> 
>  Enter choice =>  t 
> 
>  TO BE DONE 
>  ---------------------------------------
>  TO BE DONE 
>  TO BE DONE 
>  TREE:        nodes:  0   height: 0 
>  ---------------------------------------
>  inorder:     1   2   3   4   5   6 
>  preorder:  
>  TO BE DONE 
>  postorder: 
>  TO BE DONE 
>  Treearray: 
>  TO BE DONE 
>  ---------------------------------------
> 
>  Enter choice =>  a 
>  Enter a value:   7
> 
>  Enter choice =>  t 
> 
>  TO BE DONE 
>  ---------------------------------------
>  TO BE DONE 
>  TO BE DONE 
>  TREE:        nodes:  0   height: 0 
>  ---------------------------------------
>  inorder:     1   2   3   4   5   6   7 
>  preorder:  
>  TO BE DONE 
>  postorder: 
>  TO BE DONE 
>  Treearray: 
>  TO BE DONE 
>  ---------------------------------------
> 
>  Enter choice =>  q 
>  *** BYE BYE! ***
>  *** End of Tree program 
*** Comparing itest4.out
0a1,150
> 
>  *** Start of Tree program 
> ***************************************************************
> ***                                                         ***
> ***   m:   display this menu                                ***
> ***   t:   display the tree (2D)                            ***
> ***                                                         ***
> ***   a:   add a value to the tree                          ***
> ***   r:   remove a value from the tree                     ***
> ***   f:   find a value in the tree                         ***
> ***                                                         ***
> ***   q:   quit the program                                 ***
> ***                                                         ***
> ***************************************************************
> 
> 
>  Enter choice =>  z 
> 
>  Enter choice =>  + 
> 
>  *** In Info Mode *** 
>  Enter choice =>  t 
> 
>  *** Tree is empty 
>  Enter choice =>  a 
>  Enter a value:   7
> 
>  Enter choice =>  a 
>  Enter a value:   6
> 
>  Enter choice =>  t 
> 
>  TO BE DONE 
>  ---------------------------------------
>  TO BE DONE 
>  TO BE DONE 
>  TREE:        nodes:  0   height: 0 
>  ---------------------------------------
>  inorder:     6   7 
>  preorder:  
>  TO BE DONE 
>  postorder: 
>  TO BE DONE 
>  Treearray: 
>  TO BE DONE 
>  ---------------------------------------
> 
>  Enter choice =>  a 
>  Enter a value:   5
> 
>  Enter choice =>  t 
> 
>  TO BE DONE 
>  ---------------------------------------
>  TO BE DONE 
>  TO BE DONE 
>  TREE:        nodes:  0   height: 0 
>  ---------------------------------------
>  inorder:     5   6   7 
>  preorder:  
>  TO BE DONE 
>  postorder: 
>  TO BE DONE 
>  Treearray: 
>  TO BE DONE 
>  ---------------------------------------
> 
>  Enter choice =>  a 
>  Enter a value:   4
> 
>  Enter choice =>  t 
> 
>  TO BE DONE 
>  ---------------------------------------
>  TO BE DONE 
>  TO BE DONE 
>  TREE:        nodes:  0   height: 0 
>  ---------------------------------------
>  inorder:     4   5   6   7 
>  preorder:  
>  TO BE DONE 
>  postorder: 
>  TO BE DONE 
>  Treearray: 
>  TO BE DONE 
>  ---------------------------------------
> 
>  Enter choice =>  a 
>  Enter a value:   3
> 
>  Enter choice =>  t 
> 
>  TO BE DONE 
>  ---------------------------------------
>  TO BE DONE 
>  TO BE DONE 
>  TREE:        nodes:  0   height: 0 
>  ---------------------------------------
>  inorder:     3   4   5   6   7 
>  preorder:  
>  TO BE DONE 
>  postorder: 
>  TO BE DONE 
>  Treearray: 
>  TO BE DONE 
>  ---------------------------------------
> 
>  Enter choice =>  a 
>  Enter a value:   2
> 
>  Enter choice =>  t 
> 
>  TO BE DONE 
>  ---------------------------------------
>  TO BE DONE 
>  TO BE DONE 
>  TREE:        nodes:  0   height: 0 
>  ---------------------------------------
>  inorder:     2   3   4   5   6   7 
>  preorder:  
>  TO BE DONE 
>  postorder: 
>  TO BE DONE 
>  Treearray: 
>  TO BE DONE 
>  ---------------------------------------
> 
>  Enter choice =>  a 
>  Enter a value:   1
> 
>  Enter choice =>  t 
> 
>  TO BE DONE 
>  ---------------------------------------
>  TO BE DONE 
>  TO BE DONE 
>  TREE:        nodes:  0   height: 0 
>  ---------------------------------------
>  inorder:     1   2   3   4   5   6   7 
>  preorder:  
>  TO BE DONE 
>  postorder: 
>  TO BE DONE 
>  Treearray: 
>  TO BE DONE 
>  ---------------------------------------
> 
>  Enter choice =>  q 
>  *** BYE BYE! ***
>  *** End of Tree program 
*** Comparing itest5.out
0a1,87
> 
>  *** Start of Tree program 
> ***************************************************************
> ***                                                         ***
> ***   m:   display this menu                                ***
> ***   t:   display the tree (2D)                            ***
> ***                                                         ***
> ***   a:   add a value to the tree                          ***
> ***   r:   remove a value from the tree                     ***
> ***   f:   find a value in the tree                         ***
> ***                                                         ***
> ***   q:   quit the program                                 ***
> ***                                                         ***
> ***************************************************************
> 
> 
>  Enter choice =>  z 
> 
>  Enter choice =>  + 
> 
>  *** In Info Mode *** 
>  Enter choice =>  t 
> 
>  *** Tree is empty 
>  Enter choice =>  a 
>  Enter a value:   9
> 
>  Enter choice =>  t 
> 
>  TO BE DONE 
>  ---------------------------------------
>  TO BE DONE 
>  TO BE DONE 
>  TREE:        nodes:  0   height: 0 
>  ---------------------------------------
>  inorder:     9 
>  preorder:  
>  TO BE DONE 
>  postorder: 
>  TO BE DONE 
>  Treearray: 
>  TO BE DONE 
>  ---------------------------------------
> 
>  Enter choice =>  a 
>  Enter a value:   10
> 
>  Enter choice =>  t 
> 
>  TO BE DONE 
>  ---------------------------------------
>  TO BE DONE 
>  TO BE DONE 
>  TREE:        nodes:  0   height: 0 
>  ---------------------------------------
>  inorder:     9  10 
>  preorder:  
>  TO BE DONE 
>  postorder: 
>  TO BE DONE 
>  Treearray: 
>  TO BE DONE 
>  ---------------------------------------
> 
>  Enter choice =>  a 
>  Enter a value:   11
> 
>  Enter choice =>  t 
> 
>  TO BE DONE 
>  ---------------------------------------
>  TO BE DONE 
>  TO BE DONE 
>  TREE:        nodes:  0   height: 0 
>  ---------------------------------------
>  inorder:     9  10  11 
>  preorder:  
>  TO BE DONE 
>  postorder: 
>  TO BE DONE 
>  Treearray: 
>  TO BE DONE 
>  ---------------------------------------
> 
>  Enter choice =>  q 
>  *** BYE BYE! ***
>  *** End of Tree program 
*** Comparing itest6.out
0a1,148
> 
>  *** Start of Tree program 
> ***************************************************************
> ***                                                         ***
> ***   m:   display this menu                                ***
> ***   t:   display the tree (2D)                            ***
> ***                                                         ***
> ***   a:   add a value to the tree                          ***
> ***   r:   remove a value from the tree                     ***
> ***   f:   find a value in the tree                         ***
> ***                                                         ***
> ***   q:   quit the program                                 ***
> ***                                                         ***
> ***************************************************************
> 
> 
>  Enter choice =>  z 
> 
>  Enter choice =>  + 
> 
>  *** In Info Mode *** 
>  Enter choice =>  t 
> 
>  *** Tree is empty 
>  Enter choice =>  a 
>  Enter a value:   10
> 
>  Enter choice =>  t 
> 
>  TO BE DONE 
>  ---------------------------------------
>  TO BE DONE 
>  TO BE DONE 
>  TREE:        nodes:  0   height: 0 
>  ---------------------------------------
>  inorder:    10 
>  preorder:  
>  TO BE DONE 
>  postorder: 
>  TO BE DONE 
>  Treearray: 
>  TO BE DONE 
>  ---------------------------------------
> 
>  Enter choice =>  a 
>  Enter a value:   9
> 
>  Enter choice =>  t 
> 
>  TO BE DONE 
>  ---------------------------------------
>  TO BE DONE 
>  TO BE DONE 
>  TREE:        nodes:  0   height: 0 
>  ---------------------------------------
>  inorder:     9  10 
>  preorder:  
>  TO BE DONE 
>  postorder: 
>  TO BE DONE 
>  Treearray: 
>  TO BE DONE 
>  ---------------------------------------
> 
>  Enter choice =>  a 
>  Enter a value:   12
> 
>  Enter choice =>  t 
> 
>  TO BE DONE 
>  ---------------------------------------
>  TO BE DONE 
>  TO BE DONE 
>  TREE:        nodes:  0   height: 0 
>  ---------------------------------------
>  inorder:     9  10  12 
>  preorder:  
>  TO BE DONE 
>  postorder: 
>  TO BE DONE 
>  Treearray: 
>  TO BE DONE 
>  ---------------------------------------
> 
>  Enter choice =>  a 
>  Enter a value:   11
> 
>  Enter choice =>  t 
> 
>  TO BE DONE 
>  ---------------------------------------
>  TO BE DONE 
>  TO BE DONE 
>  TREE:        nodes:  0   height: 0 
>  ---------------------------------------
>  inorder:     9  10  11  12 
>  preorder:  
>  TO BE DONE 
>  postorder: 
>  TO BE DONE 
>  Treearray: 
>  TO BE DONE 
>  ---------------------------------------
> 
>  Enter choice =>  a 
>  Enter a value:   13
> 
>  Enter choice =>  t 
> 
>  TO BE DONE 
>  ---------------------------------------
>  TO BE DONE 
>  TO BE DONE 
>  TREE:        nodes:  0   height: 0 
>  ---------------------------------------
>  inorder:     9  10  11  12  13 
>  preorder:  
>  TO BE DONE 
>  postorder: 
>  TO BE DONE 
>  Treearray: 
>  TO BE DONE 
>  ---------------------------------------
> 
>  Enter choice =>  r 
>  Enter a value:   9
> 
>  TO BE DONE 
>  Enter choice =>  t 
> 
>  TO BE DONE 
>  ---------------------------------------
>  TO BE DONE 
>  TO BE DONE 
>  TREE:        nodes:  0   height: 0 
>  ---------------------------------------
>  inorder:     9  10  11  12  13 
>  preorder:  
>  TO BE DONE 
>  postorder: 
>  TO BE DONE 
>  Treearray: 
>  TO BE DONE 
>  ---------------------------------------
> 
>  Enter choice =>  q 
>  *** BYE BYE! ***
>  *** End of Tree program 
*** Comparing itest7.out
0a1,70
> 
>  *** Start of Tree program 
> ***************************************************************
> ***                                                         ***
> ***   m:   display this menu                                ***
> ***   t:   display the tree (2D)                            ***
> ***                                                         ***
> ***   a:   add a value to the tree                          ***
> ***   r:   remove a value from the tree                     ***
> ***   f:   find a value in the tree                         ***
> ***                                                         ***
> ***   q:   quit the program                                 ***
> ***                                                         ***
> ***************************************************************
> 
> 
>  Enter choice =>  z 
> 
>  Enter choice =>  + 
> 
>  *** In Info Mode *** 
>  Enter choice =>  t 
> 
>  *** Tree is empty 
>  Enter choice =>  a 
>  Enter a value:   9
> 
>  Enter choice =>  a 
>  Enter a value:   11
> 
>  Enter choice =>  t 
> 
>  TO BE DONE 
>  ---------------------------------------
>  TO BE DONE 
>  TO BE DONE 
>  TREE:        nodes:  0   height: 0 
>  ---------------------------------------
>  inorder:     9  11 
>  preorder:  
>  TO BE DONE 
>  postorder: 
>  TO BE DONE 
>  Treearray: 
>  TO BE DONE 
>  ---------------------------------------
> 
>  Enter choice =>  a 
>  Enter a value:   10
> 
>  Enter choice =>  t 
> 
>  TO BE DONE 
>  ---------------------------------------
>  TO BE DONE 
>  TO BE DONE 
>  TREE:        nodes:  0   height: 0 
>  ---------------------------------------
>  inorder:     9  10  11 
>  preorder:  
>  TO BE DONE 
>  postorder: 
>  TO BE DONE 
>  Treearray: 
>  TO BE DONE 
>  ---------------------------------------
> 
>  Enter choice =>  q 
>  *** BYE BYE! ***
>  *** End of Tree program 
*** Comparing itest8.out
0a1,70
> 
>  *** Start of Tree program 
> ***************************************************************
> ***                                                         ***
> ***   m:   display this menu                                ***
> ***   t:   display the tree (2D)                            ***
> ***                                                         ***
> ***   a:   add a value to the tree                          ***
> ***   r:   remove a value from the tree                     ***
> ***   f:   find a value in the tree                         ***
> ***                                                         ***
> ***   q:   quit the program                                 ***
> ***                                                         ***
> ***************************************************************
> 
> 
>  Enter choice =>  z 
> 
>  Enter choice =>  + 
> 
>  *** In Info Mode *** 
>  Enter choice =>  t 
> 
>  *** Tree is empty 
>  Enter choice =>  a 
>  Enter a value:   9
> 
>  Enter choice =>  a 
>  Enter a value:   7
> 
>  Enter choice =>  t 
> 
>  TO BE DONE 
>  ---------------------------------------
>  TO BE DONE 
>  TO BE DONE 
>  TREE:        nodes:  0   height: 0 
>  ---------------------------------------
>  inorder:     7   9 
>  preorder:  
>  TO BE DONE 
>  postorder: 
>  TO BE DONE 
>  Treearray: 
>  TO BE DONE 
>  ---------------------------------------
> 
>  Enter choice =>  a 
>  Enter a value:   8
> 
>  Enter choice =>  t 
> 
>  TO BE DONE 
>  ---------------------------------------
>  TO BE DONE 
>  TO BE DONE 
>  TREE:        nodes:  0   height: 0 
>  ---------------------------------------
>  inorder:     7   8   9 
>  preorder:  
>  TO BE DONE 
>  postorder: 
>  TO BE DONE 
>  Treearray: 
>  TO BE DONE 
>  ---------------------------------------
> 
>  Enter choice =>  q 
>  *** BYE BYE! ***
>  *** End of Tree program 
*** Comparing itest9.out
0a1,188
> 
>  *** Start of Tree program 
> ***************************************************************
> ***                                                         ***
> ***   m:   display this menu                                ***
> ***   t:   display the tree (2D)                            ***
> ***                                                         ***
> ***   a:   add a value to the tree                          ***
> ***   r:   remove a value from the tree                     ***
> ***   f:   find a value in the tree                         ***
> ***                                                         ***
> ***   q:   quit the program                                 ***
> ***                                                         ***
> ***************************************************************
> 
> 
>  Enter choice =>  z 
> 
>  Enter choice =>  + 
> 
>  *** In Info Mode *** 
>  Enter choice =>  t 
> 
>  *** Tree is empty 
>  Enter choice =>  a 
>  Enter a value:   50
> 
>  Enter choice =>  t 
> 
>  TO BE DONE 
>  ---------------------------------------
>  TO BE DONE 
>  TO BE DONE 
>  TREE:        nodes:  0   height: 0 
>  ---------------------------------------
>  inorder:    50 
>  preorder:  
>  TO BE DONE 
>  postorder: 
>  TO BE DONE 
>  Treearray: 
>  TO BE DONE 
>  ---------------------------------------
> 
>  Enter choice =>  a 
>  Enter a value:   38
> 
>  Enter choice =>  t 
> 
>  TO BE DONE 
>  ---------------------------------------
>  TO BE DONE 
>  TO BE DONE 
>  TREE:        nodes:  0   height: 0 
>  ---------------------------------------
>  inorder:    38  50 
>  preorder:  
>  TO BE DONE 
>  postorder: 
>  TO BE DONE 
>  Treearray: 
>  TO BE DONE 
>  ---------------------------------------
> 
>  Enter choice =>  a 
>  Enter a value:   55
> 
>  Enter choice =>  t 
> 
>  TO BE DONE 
>  ---------------------------------------
>  TO BE DONE 
>  TO BE DONE 
>  TREE:        nodes:  0   height: 0 
>  ---------------------------------------
>  inorder:    38  50  55 
>  preorder:  
>  TO BE DONE 
>  postorder: 
>  TO BE DONE 
>  Treearray: 
>  TO BE DONE 
>  ---------------------------------------
> 
>  Enter choice =>  a 
>  Enter a value:   30
> 
>  Enter choice =>  t 
> 
>  TO BE DONE 
>  ---------------------------------------
>  TO BE DONE 
>  TO BE DONE 
>  TREE:        nodes:  0   height: 0 
>  ---------------------------------------
>  inorder:    30  38  50  55 
>  preorder:  
>  TO BE DONE 
>  postorder: 
>  TO BE DONE 
>  Treearray: 
>  TO BE DONE 
>  ---------------------------------------
> 
>  Enter choice =>  a 
>  Enter a value:   40
> 
>  Enter choice =>  t 
> 
>  TO BE DONE 
>  ---------------------------------------
>  TO BE DONE 
>  TO BE DONE 
>  TREE:        nodes:  0   height: 0 
>  ---------------------------------------
>  inorder:    30  38  40  50  55 
>  preorder:  
>  TO BE DONE 
>  postorder: 
>  TO BE DONE 
>  Treearray: 
>  TO BE DONE 
>  ---------------------------------------
> 
>  Enter choice =>  a 
>  Enter a value:   60
> 
>  Enter choice =>  t 
> 
>  TO BE DONE 
>  ---------------------------------------
>  TO BE DONE 
>  TO BE DONE 
>  TREE:        nodes:  0   height: 0 
>  ---------------------------------------
>  inorder:    30  38  40  50  55  60 
>  preorder:  
>  TO BE DONE 
>  postorder: 
>  TO BE DONE 
>  Treearray: 
>  TO BE DONE 
>  ---------------------------------------
> 
>  Enter choice =>  a 
>  Enter a value:   45
> 
>  Enter choice =>  t 
> 
>  TO BE DONE 
>  ---------------------------------------
>  TO BE DONE 
>  TO BE DONE 
>  TREE:        nodes:  0   height: 0 
>  ---------------------------------------
>  inorder:    30  38  40  45  50  55  60 
>  preorder:  
>  TO BE DONE 
>  postorder: 
>  TO BE DONE 
>  Treearray: 
>  TO BE DONE 
>  ---------------------------------------
> 
>  Enter choice =>  r 
>  Enter a value:   60
> 
>  TO BE DONE 
>  Enter choice =>  t 
> 
>  TO BE DONE 
>  ---------------------------------------
>  TO BE DONE 
>  TO BE DONE 
>  TREE:        nodes:  0   height: 0 
>  ---------------------------------------
>  inorder:    30  38  40  45  50  55  60 
>  preorder:  
>  TO BE DONE 
>  postorder: 
>  TO BE DONE 
>  Treearray: 
>  TO BE DONE 
>  ---------------------------------------
> 
>  Enter choice =>  q 
>  *** BYE BYE! ***
>  *** End of Tree program 
*** cleaning up ...
...itests finished
